\BOOKMARK [1][-]{Doc-Start}{\376\377\144\130\211\201}{}% 1
\BOOKMARK [1][-]{section*.1}{\376\377\000A\000b\000s\000t\000r\000a\000c\000t}{}% 2
\BOOKMARK [1][-]{section.1}{\376\377\152\041\147\177\117\177\165\050\143\007\123\127}{}% 3
\BOOKMARK [2][-]{subsection.1.1}{\376\377\177\026\213\321\135\345\121\167\166\204\220\011\142\351}{section.1}% 4
\BOOKMARK [3][-]{subsubsection.1.1.1}{\376\377\000O\000v\000e\000r\000l\000e\000a\000f\176\277\116\012\177\026\213\321\136\163\123\360}{subsection.1.1}% 5
\BOOKMARK [3][-]{subsubsection.1.1.2}{\376\377\147\054\127\060\163\257\130\203\144\055\136\372\123\312\177\026\213\321\126\150}{subsection.1.1}% 6
\BOOKMARK [2][-]{subsection.1.2}{\376\377\152\041\147\177\124\004\145\207\116\366\213\364\146\016}{section.1}% 7
\BOOKMARK [2][-]{subsection.1.3}{\376\377\145\207\150\143\121\167\117\123\117\177\165\050\153\145\232\244}{section.1}% 8
\BOOKMARK [2][-]{subsection.1.4}{\376\377\000O\000v\000e\000r\000l\000e\000a\000f\166\204\173\200\123\125\117\177\165\050\143\007\123\127}{section.1}% 9
\BOOKMARK [3][-]{subsubsection.1.4.1}{\376\377\000O\000v\000e\000r\000l\000e\000a\000f\116\012\166\204\136\070\165\050\137\353\143\167\225\056}{subsection.1.4}% 10
\BOOKMARK [3][-]{subsubsection.1.4.2}{\376\377\123\206\123\362\213\260\137\125}{subsection.1.4}% 11
\BOOKMARK [3][-]{subsubsection.1.4.3}{\376\377\116\012\117\040\116\016\145\260\136\372\145\207\116\366}{subsection.1.4}% 12
\BOOKMARK [3][-]{subsubsection.1.4.4}{\376\377\123\314\124\021\133\232\117\115}{subsection.1.4}% 13
\BOOKMARK [3][-]{subsubsection.1.4.5}{\376\377\146\364\145\071\000P\000D\000F\226\005\213\373\126\150}{subsection.1.4}% 14
\BOOKMARK [1][-]{section.2}{\376\377\000L\000a\000T\000e\000X\117\177\165\050\121\145\225\350}{}% 15
\BOOKMARK [2][-]{subsection.2.1}{\376\377\143\142\153\265\060\001\143\142\210\114\116\016\172\172\150\074}{section.2}% 16
\BOOKMARK [2][-]{subsection.2.2}{\376\377\150\007\230\230}{section.2}% 17
\BOOKMARK [2][-]{subsection.2.3}{\376\377\133\127\117\123\214\003\202\202}{section.2}% 18
\BOOKMARK [2][-]{subsection.2.4}{\376\377\121\154\137\017}{section.2}% 19
\BOOKMARK [3][-]{subsubsection.2.4.1}{\376\377\136\070\165\050\145\160\133\146\163\257\130\203}{subsection.2.4}% 20
\BOOKMARK [3][-]{subsubsection.2.4.2}{\376\377\121\154\137\017\203\003\117\213}{subsection.2.4}% 21
\BOOKMARK [3][-]{subsubsection.2.4.3}{\376\377\210\114\121\205\123\312\210\114\225\364\121\154\137\017}{subsection.2.4}% 22
\BOOKMARK [3][-]{subsubsection.2.4.4}{\376\377\167\351\226\065\123\312\131\032\210\114\133\371\237\120\121\154\137\017}{subsection.2.4}% 23
\BOOKMARK [3][-]{subsubsection.2.4.5}{\376\377\133\371\237\120\145\271\172\013\176\304}{subsection.2.4}% 24
\BOOKMARK [3][-]{subsubsection.2.4.6}{\376\377\225\177\121\154\137\017}{subsection.2.4}% 25
\BOOKMARK [2][-]{subsection.2.5}{\376\377\126\376\162\107}{section.2}% 26
\BOOKMARK [3][-]{subsubsection.2.5.1}{\376\377\000L\000a\000T\000e\000X\116\055\166\204\126\376}{subsection.2.5}% 27
\BOOKMARK [3][-]{subsubsection.2.5.2}{\376\377\143\322\121\145\126\376\162\107}{subsection.2.5}% 28
\BOOKMARK [3][-]{subsubsection.2.5.3}{\376\377\143\322\126\376\143\247\122\066}{subsection.2.5}% 29
\BOOKMARK [3][-]{subsubsection.2.5.4}{\376\377\126\376\162\107\163\257\130\203}{subsection.2.5}% 30
\BOOKMARK [3][-]{subsubsection.2.5.5}{\376\377\143\322\126\376\203\003\117\213}{subsection.2.5}% 31
\BOOKMARK [3][-]{subsubsection.2.5.6}{\376\377\000L\000a\000T\000e\000X\136\070\165\050\166\204\225\177\136\246\123\125\117\115\123\312\136\246\221\317}{subsection.2.5}% 32
\BOOKMARK [2][-]{subsection.2.6}{\376\377\210\150\150\074}{section.2}% 33
\BOOKMARK [3][-]{subsubsection.2.6.1}{\376\377\220\032\217\307\127\050\176\277\135\345\121\167\165\037\142\020\210\150\150\074}{subsection.2.6}% 34
\BOOKMARK [3][-]{subsubsection.2.6.2}{\376\377\210\150\150\074\166\204\116\000\202\054\137\142\137\017}{subsection.2.6}% 35
\BOOKMARK [3][-]{subsubsection.2.6.3}{\376\377\122\006\122\162\123\125\121\103\150\074\123\312\123\125\121\103\150\074\121\205\133\271\133\371\237\120}{subsection.2.6}% 36
\BOOKMARK [3][-]{subsubsection.2.6.4}{\376\377\117\177\165\050\127\050\176\277\135\345\121\167\166\204\154\350\141\017\116\213\230\171}{subsection.2.6}% 37
\BOOKMARK [3][-]{subsubsection.2.6.5}{\376\377\210\150\150\074\203\003\117\213}{subsection.2.6}% 38
\BOOKMARK [3][-]{subsubsection.2.6.6}{\376\377\146\156\220\032\210\150\150\074}{subsection.2.6}% 39
\BOOKMARK [3][-]{subsubsection.2.6.7}{\376\377\215\350\230\165\210\150\150\074}{subsection.2.6}% 40
\BOOKMARK [2][-]{subsection.2.7}{\376\377\122\027\210\150}{section.2}% 41
\BOOKMARK [3][-]{subsubsection.2.7.1}{\376\377\122\027\210\150\163\257\130\203}{subsection.2.7}% 42
\BOOKMARK [3][-]{subsubsection.2.7.2}{\376\377\122\027\210\150\203\003\117\213}{subsection.2.7}% 43
\BOOKMARK [3][-]{subsubsection.2.7.3}{\376\377\147\011\136\217\122\027\210\150}{subsection.2.7}% 44
\BOOKMARK [3][-]{subsubsection.2.7.4}{\376\377\145\340\136\217\122\027\210\150}{subsection.2.7}% 45
\BOOKMARK [3][-]{subsubsection.2.7.5}{\376\377\143\317\217\360\140\047\122\027\210\150}{subsection.2.7}% 46
\BOOKMARK [2][-]{subsection.2.8}{\376\377\123\302\200\003\145\207\163\056}{section.2}% 47
\BOOKMARK [3][-]{subsubsection.2.8.1}{\376\377\134\006\145\207\163\056\155\373\122\240\122\060\152\041\147\177}{subsection.2.8}% 48
\BOOKMARK [3][-]{subsubsection.2.8.2}{\376\377\123\302\200\003\145\207\163\056\166\204\177\127\122\027\230\172\136\217}{subsection.2.8}% 49
\BOOKMARK [2][-]{subsection.2.9}{\376\377\213\272\145\207\116\055\166\204\137\025\165\050}{section.2}% 50
\BOOKMARK [3][-]{subsubsection.2.9.1}{\376\377\155\373\122\240\150\007\173\176}{subsection.2.9}% 51
\BOOKMARK [3][-]{subsubsection.2.9.2}{\376\377\137\025\165\050\124\175\116\344}{subsection.2.9}% 52
\BOOKMARK [3][-]{subsubsection.2.9.3}{\376\377\143\322\126\376\166\204\137\025\165\050}{subsection.2.9}% 53
\BOOKMARK [3][-]{subsubsection.2.9.4}{\376\377\210\150\150\074\166\204\137\025\165\050}{subsection.2.9}% 54
\BOOKMARK [3][-]{subsubsection.2.9.5}{\376\377\230\165\170\001\166\204\137\025\165\050}{subsection.2.9}% 55
\BOOKMARK [3][-]{subsubsection.2.9.6}{\376\377\145\207\163\056\166\204\137\025\165\050}{subsection.2.9}% 56
\BOOKMARK [1][-]{section.3}{\376\377\000L\000a\000T\000e\000X\217\333\226\066\117\177\165\050}{}% 57
\BOOKMARK [1][-]{section.4}{\376\377\000\040\220\011\230\230\200\314\146\157\116\016\170\024\172\166\141\017\116\111}{}% 58
\BOOKMARK [2][-]{subsection.4.1}{\376\377\170\024\172\166\200\314\146\157}{section.4}% 59
\BOOKMARK [2][-]{subsection.4.2}{\376\377\000\040\170\024\172\166\141\017\116\111}{section.4}% 60
\BOOKMARK [1][-]{section.5}{\376\377\140\073\176\323\116\016\134\125\147\033}{}% 61
\BOOKMARK [1][-]{section*.9}{\376\377\000-\0004\000\040\123\302\200\003\145\207\163\056}{}% 62
\BOOKMARK [1][-]{section*.10}{\376\377\000-\0004\000\040\201\364\000\040\214\042\000\040}{}% 63
\BOOKMARK [1][-]{section*.11}{\376\377\000-\0004\000\040\145\073\213\373\133\146\117\115\147\037\225\364\166\204\170\024\172\166\142\020\147\234}{}% 64
